# JRE version: OpenJDK Runtime Environment Homebrew (26.0.1) (build 26.0.1)
# Java VM: OpenJDK 64-Bit Server VM Homebrew (26.0.1, mixed mode, sharing, tiered, compressed oops, compressed class ptrs, g1 gc, bsd-aarch64)
GC Precious Log:
 CardTable entry size: 512
 Card Set container configuration: InlinePtr #cards 4 size 8 Array Of Cards #cards 16 size 48 Howl #buckets 8 coarsen threshold 3686 Howl Bitmap #cards 512 size 80 coarsen threshold 460 Card regions per heap region 1 cards per card region 4096
 CPUs: 10 total, 10 available
 Memory: 16384M
 Large Page Support: Disabled
 NUMA Support: Disabled
 Compressed Oops: Enabled (Zero based)
 Heap Region Size: 2M
 Heap Min Capacity: 8M
 Heap Initial Capacity: 8M
 Heap Max Capacity: 4G
 Pre-touch: Disabled
 Parallel Workers: 9
 Concurrent Workers: 2
 Concurrent Refinement Workers: 9
 Periodic GC: Disabled
Heap:
 garbage-first heap   total reserved 4194304K, committed 30720K, used 6142K [0x00000003c0000000, 0x00000004c0000000)
  region size 2M, 2 eden (4M), 1 survivor (2M), 2 old (4M), 0 humongous (0M), 10 free (20M)
GC Heap Usage History (12 events):
Event: 0.103 {heap Before GC invocations=0 (full 0):
 garbage-first heap   total reserved 4194304K, committed 10240K, used 3210K [0x00000003c0000000, 0x00000004c0000000)
  region size 2M, 2 eden (4M), 0 survivor (0M), 1 old (2M), 0 humongous (0M), 2 free (4M)
}
Event: 0.105 {heap After GC invocations=1 (full 0):
 garbage-first heap   total reserved 4194304K, committed 10240K, used 2234K [0x00000003c0000000, 0x00000004c0000000)
  region size 2M, 0 eden (0M), 1 survivor (2M), 1 old (2M), 0 humongous (0M), 3 free (6M)
}
Event: 0.144 {heap Before GC invocations=1 (full 0):
 garbage-first heap   total reserved 4194304K, committed 10240K, used 4282K [0x00000003c0000000, 0x00000004c0000000)
  region size 2M, 1 eden (2M), 1 survivor (2M), 1 old (2M), 0 humongous (0M), 2 free (4M)
}
Event: 0.145 {heap After GC invocations=2 (full 0):
 garbage-first heap   total reserved 4194304K, committed 10240K, used 2282K [0x00000003c0000000, 0x00000004c0000000)
  region size 2M, 0 eden (0M), 1 survivor (2M), 1 old (2M), 0 humongous (0M), 3 free (6M)
}
Event: 0.174 {heap Before GC invocations=2 (full 0):
 garbage-first heap   total reserved 4194304K, committed 10240K, used 4330K [0x00000003c0000000, 0x00000004c0000000)
  region size 2M, 1 eden (2M), 1 survivor (2M), 1 old (2M), 0 humongous (0M), 2 free (4M)
}
Event: 0.175 {heap After GC invocations=3 (full 0):
 garbage-first heap   total reserved 4194304K, committed 10240K, used 2544K [0x00000003c0000000, 0x00000004c0000000)
  region size 2M, 0 eden (0M), 1 survivor (2M), 2 old (4M), 0 humongous (0M), 2 free (4M)
}
Event: 0.191 {heap Before GC invocations=3 (full 0):
 garbage-first heap   total reserved 4194304K, committed 10240K, used 4592K [0x00000003c0000000, 0x00000004c0000000)
  region size 2M, 1 eden (2M), 1 survivor (2M), 2 old (4M), 0 humongous (0M), 1 free (2M)
}
Event: 0.192 {heap After GC invocations=4 (full 0):
 garbage-first heap   total reserved 4194304K, committed 30720K, used 2664K [0x00000003c0000000, 0x00000004c0000000)
  region size 2M, 0 eden (0M), 1 survivor (2M), 2 old (4M), 0 humongous (0M), 12 free (24M)
}
Event: 0.313 {heap Before GC invocations=4 (full 0):
 garbage-first heap   total reserved 4194304K, committed 30720K, used 14952K [0x00000003c0000000, 0x00000004c0000000)
  region size 2M, 7 eden (14M), 1 survivor (2M), 2 old (4M), 0 humongous (0M), 5 free (10M)
}
Event: 0.315 {heap After GC invocations=5 (full 0):
 garbage-first heap   total reserved 4194304K, committed 30720K, used 3276K [0x00000003c0000000, 0x00000004c0000000)
  region size 2M, 0 eden (0M), 1 survivor (2M), 2 old (4M), 0 humongous (0M), 12 free (24M)
}
Event: 0.746 {heap Before GC invocations=5 (full 0):
 garbage-first heap   total reserved 4194304K, committed 30720K, used 19660K [0x00000003c0000000, 0x00000004c0000000)
  region size 2M, 8 eden (16M), 1 survivor (2M), 2 old (4M), 0 humongous (0M), 4 free (8M)
}
Event: 0.748 {heap After GC invocations=6 (full 0):
 garbage-first heap   total reserved 4194304K, committed 30720K, used 4094K [0x00000003c0000000, 0x00000004c0000000)
  region size 2M, 0 eden (0M), 1 survivor (2M), 2 old (4M), 0 humongous (0M), 12 free (24M)
}

